<?xml version="1.0" encoding="UTF-8"?>
<!-- Generated by org.testng.reporters.JUnitXMLReporter -->
<testsuite ignored="0" hostname="LAPTOP-Q0AMV9NF" failures="0" tests="3" name="Test Automation Chrome TC_001" time="57.842" errors="0" timestamp="2022-06-30T11:26:51 IST">
  <testcase classname="com.qa.testscripts.TC_NetMeds_001" name="SearchItem" time="13.859"/>
  <testcase classname="com.qa.testscripts.TC_NetMeds_001" name="SearchItem" time="13.977"/>
  <testcase classname="com.qa.testscripts.TC_NetMeds_002" name="CartPage" time="7.582"/>
</testsuite> <!-- Test Automation Chrome TC_001 -->
