<?xml version="1.0" encoding="UTF-8"?>
<!-- Generated by org.testng.reporters.JUnitXMLReporter -->
<testsuite ignored="0" hostname="LAPTOP-Q0AMV9NF" failures="0" tests="3" name="Test Automation Chrome" time="55.271" errors="0" timestamp="2022-07-15T09:42:24 IST">
  <testcase classname="com.qa.testscripts.TC_NetMeds_001" name="SearchItem" time="13.959"/>
  <testcase classname="com.qa.testscripts.TC_NetMeds_001" name="SearchItem" time="12.458"/>
  <testcase classname="com.qa.testscripts.TC_NetMeds_002" name="CartPage" time="6.903"/>
</testsuite> <!-- Test Automation Chrome -->
