<?xml version="1.0" encoding="UTF-8"?>
<!-- Generated by org.testng.reporters.JUnitXMLReporter -->
<testsuite hostname="LAPTOP-Q0AMV9NF" ignored="0" name="Test Automation Chrome" tests="3" failures="0" timestamp="2022-07-15T10:33:48 IST" time="76.282" errors="0">
  <testcase name="SearchItem" time="16.373" classname="com.qa.testscripts.TC_NetMeds_001"/>
  <testcase name="SearchItem" time="14.123" classname="com.qa.testscripts.TC_NetMeds_001"/>
  <testcase name="CartPage" time="7.787" classname="com.qa.testscripts.TC_NetMeds_002"/>
</testsuite> <!-- Test Automation Chrome -->
