<?xml version="1.0" encoding="UTF-8"?>
<testng-results skipped="0" failed="0" ignored="0" total="3" passed="3">
  <reporter-output>
    <line>
      <![CDATA[The user is Landed on the NetMeds Home Page]]>
    </line>
    <line>
      <![CDATA[The default pincode 110002 is displayed]]>
    </line>
    <line>
      <![CDATA[Search item is typed]]>
    </line>
    <line>
      <![CDATA[Page related to item is loaded]]>
    </line>
    <line>
      <![CDATA[Items loaded are related to search item]]>
    </line>
    <line>
      <![CDATA[Order details added to the cart is displayed]]>
    </line>
    <line>
      <![CDATA[The user is Landed on the NetMeds Home Page]]>
    </line>
    <line>
      <![CDATA[The default pincode 110002 is displayed]]>
    </line>
    <line>
      <![CDATA[Search item is typed]]>
    </line>
    <line>
      <![CDATA[Page related to item is loaded]]>
    </line>
    <line>
      <![CDATA[Items loaded are related to search item]]>
    </line>
    <line>
      <![CDATA[Order details added to the cart is displayed]]>
    </line>
    <line>
      <![CDATA[The user is navigated to the cart page]]>
    </line>
    <line>
      <![CDATA[The product added to the cart is present in the cart page]]>
    </line>
  </reporter-output>
  <suite name="Suite" duration-ms="76282" started-at="2022-07-15T10:32:31 IST" finished-at="2022-07-15T10:33:47 IST">
    <groups>
    </groups>
    <test name="Test Automation Chrome" duration-ms="76282" started-at="2022-07-15T10:32:31 IST" finished-at="2022-07-15T10:33:47 IST">
      <class name="com.qa.testscripts.TC_NetMeds_002">
        <test-method status="PASS" signature="setup(java.lang.String,java.lang.String)[pri:0, instance:com.qa.testscripts.TC_NetMeds_002@6f195bc3]" name="setup" is-config="true" duration-ms="10392" started-at="2022-07-15T10:33:14 IST" finished-at="2022-07-15T10:33:24 IST">
          <params>
            <param index="0">
              <value>
                <![CDATA[Chrome]]>
              </value>
            </param>
            <param index="1">
              <value>
                <![CDATA[https://www.netmeds.com/]]>
              </value>
            </param>
          </params>
          <reporter-output>
          </reporter-output>
        </test-method> <!-- setup -->
        <test-method status="PASS" signature="SearchItem(java.lang.String)[pri:0, instance:com.qa.testscripts.TC_NetMeds_002@6f195bc3]" name="SearchItem" duration-ms="14123" started-at="2022-07-15T10:33:24 IST" finished-at="2022-07-15T10:33:38 IST">
          <params>
            <param index="0">
              <value>
                <![CDATA[Dolo]]>
              </value>
            </param>
          </params>
          <reporter-output>
            <line>
              <![CDATA[The user is Landed on the NetMeds Home Page]]>
            </line>
            <line>
              <![CDATA[The default pincode 110002 is displayed]]>
            </line>
            <line>
              <![CDATA[Search item is typed]]>
            </line>
            <line>
              <![CDATA[Page related to item is loaded]]>
            </line>
            <line>
              <![CDATA[Items loaded are related to search item]]>
            </line>
            <line>
              <![CDATA[Order details added to the cart is displayed]]>
            </line>
          </reporter-output>
        </test-method> <!-- SearchItem -->
        <test-method status="PASS" signature="CartPage()[pri:0, instance:com.qa.testscripts.TC_NetMeds_002@6f195bc3]" name="CartPage" duration-ms="7787" started-at="2022-07-15T10:33:38 IST" depends-on-methods="com.qa.testscripts.TC_NetMeds_001.SearchItem" finished-at="2022-07-15T10:33:46 IST">
          <reporter-output>
            <line>
              <![CDATA[The user is navigated to the cart page]]>
            </line>
            <line>
              <![CDATA[The product added to the cart is present in the cart page]]>
            </line>
          </reporter-output>
        </test-method> <!-- CartPage -->
        <test-method status="PASS" signature="tearDown()[pri:0, instance:com.qa.testscripts.TC_NetMeds_002@6f195bc3]" name="tearDown" is-config="true" duration-ms="1077" started-at="2022-07-15T10:33:46 IST" finished-at="2022-07-15T10:33:47 IST">
          <reporter-output>
          </reporter-output>
        </test-method> <!-- tearDown -->
      </class> <!-- com.qa.testscripts.TC_NetMeds_002 -->
      <class name="com.qa.testscripts.TC_NetMeds_001">
        <test-method status="PASS" signature="setup(java.lang.String,java.lang.String)[pri:0, instance:com.qa.testscripts.TC_NetMeds_001@7d70d1b1]" name="setup" is-config="true" duration-ms="24795" started-at="2022-07-15T10:32:31 IST" finished-at="2022-07-15T10:32:56 IST">
          <params>
            <param index="0">
              <value>
                <![CDATA[Chrome]]>
              </value>
            </param>
            <param index="1">
              <value>
                <![CDATA[https://www.netmeds.com/]]>
              </value>
            </param>
          </params>
          <reporter-output>
          </reporter-output>
        </test-method> <!-- setup -->
        <test-method status="PASS" signature="SearchItem(java.lang.String)[pri:0, instance:com.qa.testscripts.TC_NetMeds_001@7d70d1b1]" name="SearchItem" duration-ms="16373" started-at="2022-07-15T10:32:56 IST" finished-at="2022-07-15T10:33:12 IST">
          <params>
            <param index="0">
              <value>
                <![CDATA[Dolo]]>
              </value>
            </param>
          </params>
          <reporter-output>
            <line>
              <![CDATA[The user is Landed on the NetMeds Home Page]]>
            </line>
            <line>
              <![CDATA[The default pincode 110002 is displayed]]>
            </line>
            <line>
              <![CDATA[Search item is typed]]>
            </line>
            <line>
              <![CDATA[Page related to item is loaded]]>
            </line>
            <line>
              <![CDATA[Items loaded are related to search item]]>
            </line>
            <line>
              <![CDATA[Order details added to the cart is displayed]]>
            </line>
          </reporter-output>
        </test-method> <!-- SearchItem -->
        <test-method status="PASS" signature="tearDown()[pri:0, instance:com.qa.testscripts.TC_NetMeds_001@7d70d1b1]" name="tearDown" is-config="true" duration-ms="1207" started-at="2022-07-15T10:33:12 IST" finished-at="2022-07-15T10:33:14 IST">
          <reporter-output>
          </reporter-output>
        </test-method> <!-- tearDown -->
      </class> <!-- com.qa.testscripts.TC_NetMeds_001 -->
    </test> <!-- Test Automation Chrome -->
  </suite> <!-- Suite -->
</testng-results>
