<?xml version="1.0" encoding="UTF-8"?>
<testng-results ignored="0" total="3" passed="3" failed="0" skipped="0">
  <reporter-output>
    <line>
      <![CDATA[The user is Landed on the NetMeds Home Page]]>
    </line>
    <line>
      <![CDATA[The default pincode 110002 is displayed]]>
    </line>
    <line>
      <![CDATA[Search item is typed]]>
    </line>
    <line>
      <![CDATA[Page related to item is loaded]]>
    </line>
    <line>
      <![CDATA[Items loaded are related to search item]]>
    </line>
    <line>
      <![CDATA[Order details added to the cart is displayed]]>
    </line>
    <line>
      <![CDATA[The user is Landed on the NetMeds Home Page]]>
    </line>
    <line>
      <![CDATA[The default pincode 110002 is displayed]]>
    </line>
    <line>
      <![CDATA[Search item is typed]]>
    </line>
    <line>
      <![CDATA[Page related to item is loaded]]>
    </line>
    <line>
      <![CDATA[Items loaded are related to search item]]>
    </line>
    <line>
      <![CDATA[Order details added to the cart is displayed]]>
    </line>
    <line>
      <![CDATA[The user is navigated to the cart page]]>
    </line>
    <line>
      <![CDATA[The product added to the cart is present in the cart page]]>
    </line>
  </reporter-output>
  <suite started-at="2022-07-15T09:41:29 IST" name="Suite" finished-at="2022-07-15T09:42:24 IST" duration-ms="55271">
    <groups>
    </groups>
    <test started-at="2022-07-15T09:41:29 IST" name="Test Automation Chrome" finished-at="2022-07-15T09:42:24 IST" duration-ms="55271">
      <class name="com.qa.testscripts.TC_NetMeds_002">
        <test-method is-config="true" signature="setup(java.lang.String,java.lang.String)[pri:0, instance:com.qa.testscripts.TC_NetMeds_002@5b03b9fe]" started-at="2022-07-15T09:41:54 IST" name="setup" finished-at="2022-07-15T09:42:04 IST" duration-ms="10666" status="PASS">
          <params>
            <param index="0">
              <value>
                <![CDATA[Chrome]]>
              </value>
            </param>
            <param index="1">
              <value>
                <![CDATA[https://www.netmeds.com/]]>
              </value>
            </param>
          </params>
          <reporter-output>
          </reporter-output>
        </test-method> <!-- setup -->
        <test-method signature="SearchItem(java.lang.String)[pri:0, instance:com.qa.testscripts.TC_NetMeds_002@5b03b9fe]" started-at="2022-07-15T09:42:04 IST" name="SearchItem" finished-at="2022-07-15T09:42:17 IST" duration-ms="12458" status="PASS">
          <params>
            <param index="0">
              <value>
                <![CDATA[Dolo]]>
              </value>
            </param>
          </params>
          <reporter-output>
            <line>
              <![CDATA[The user is Landed on the NetMeds Home Page]]>
            </line>
            <line>
              <![CDATA[The default pincode 110002 is displayed]]>
            </line>
            <line>
              <![CDATA[Search item is typed]]>
            </line>
            <line>
              <![CDATA[Page related to item is loaded]]>
            </line>
            <line>
              <![CDATA[Items loaded are related to search item]]>
            </line>
            <line>
              <![CDATA[Order details added to the cart is displayed]]>
            </line>
          </reporter-output>
        </test-method> <!-- SearchItem -->
        <test-method signature="CartPage()[pri:0, instance:com.qa.testscripts.TC_NetMeds_002@5b03b9fe]" started-at="2022-07-15T09:42:17 IST" name="CartPage" finished-at="2022-07-15T09:42:24 IST" depends-on-methods="com.qa.testscripts.TC_NetMeds_001.SearchItem" duration-ms="6903" status="PASS">
          <reporter-output>
            <line>
              <![CDATA[The user is navigated to the cart page]]>
            </line>
            <line>
              <![CDATA[The product added to the cart is present in the cart page]]>
            </line>
          </reporter-output>
        </test-method> <!-- CartPage -->
        <test-method is-config="true" signature="tearDown()[pri:0, instance:com.qa.testscripts.TC_NetMeds_002@5b03b9fe]" started-at="2022-07-15T09:42:24 IST" name="tearDown" finished-at="2022-07-15T09:42:24 IST" duration-ms="444" status="PASS">
          <reporter-output>
          </reporter-output>
        </test-method> <!-- tearDown -->
      </class> <!-- com.qa.testscripts.TC_NetMeds_002 -->
      <class name="com.qa.testscripts.TC_NetMeds_001">
        <test-method is-config="true" signature="setup(java.lang.String,java.lang.String)[pri:0, instance:com.qa.testscripts.TC_NetMeds_001@43dac38f]" started-at="2022-07-15T09:41:29 IST" name="setup" finished-at="2022-07-15T09:41:39 IST" duration-ms="9595" status="PASS">
          <params>
            <param index="0">
              <value>
                <![CDATA[Chrome]]>
              </value>
            </param>
            <param index="1">
              <value>
                <![CDATA[https://www.netmeds.com/]]>
              </value>
            </param>
          </params>
          <reporter-output>
          </reporter-output>
        </test-method> <!-- setup -->
        <test-method signature="SearchItem(java.lang.String)[pri:0, instance:com.qa.testscripts.TC_NetMeds_001@43dac38f]" started-at="2022-07-15T09:41:39 IST" name="SearchItem" finished-at="2022-07-15T09:41:53 IST" duration-ms="13959" status="PASS">
          <params>
            <param index="0">
              <value>
                <![CDATA[Dolo]]>
              </value>
            </param>
          </params>
          <reporter-output>
            <line>
              <![CDATA[The user is Landed on the NetMeds Home Page]]>
            </line>
            <line>
              <![CDATA[The default pincode 110002 is displayed]]>
            </line>
            <line>
              <![CDATA[Search item is typed]]>
            </line>
            <line>
              <![CDATA[Page related to item is loaded]]>
            </line>
            <line>
              <![CDATA[Items loaded are related to search item]]>
            </line>
            <line>
              <![CDATA[Order details added to the cart is displayed]]>
            </line>
          </reporter-output>
        </test-method> <!-- SearchItem -->
        <test-method is-config="true" signature="tearDown()[pri:0, instance:com.qa.testscripts.TC_NetMeds_001@43dac38f]" started-at="2022-07-15T09:41:53 IST" name="tearDown" finished-at="2022-07-15T09:41:54 IST" duration-ms="697" status="PASS">
          <reporter-output>
          </reporter-output>
        </test-method> <!-- tearDown -->
      </class> <!-- com.qa.testscripts.TC_NetMeds_001 -->
    </test> <!-- Test Automation Chrome -->
  </suite> <!-- Suite -->
</testng-results>
